# JRE version: OpenJDK Runtime Environment (21.0.9) (build 21.0.9+-14649483-b1163.86)
# Java VM: OpenJDK 64-Bit Server VM (21.0.9+-14649483-b1163.86, mixed mode, tiered, compressed oops, compressed class ptrs, g1 gc, windows-amd64)
GC Precious Log:
 CardTable entry size: 512
 Card Set container configuration: InlinePtr #cards 5 size 8 Array Of Cards #cards 12 size 40 Howl #buckets 4 coarsen threshold 1843 Howl Bitmap #cards 512 size 80 coarsen threshold 460 Card regions per heap region 1 cards per card region 2048
 CPUs: 4 total, 4 available
 Memory: 4093M
 Large Page Support: Disabled
 NUMA Support: Disabled
 Compressed Oops: Enabled (32-bit)
 Heap Region Size: 1M
 Heap Min Capacity: 8M
 Heap Initial Capacity: 64M
 Heap Max Capacity: 2G
 Pre-touch: Disabled
 Parallel Workers: 4
 Concurrent Workers: 1
 Concurrent Refinement Workers: 4
 Periodic GC: Disabled
Heap:
 garbage-first heap   total 305152K, used 238147K [0x0000000080000000, 0x0000000100000000)
  region size 1024K, 107 young (109568K), 10 survivors (10240K)
 Metaspace       used 112798K, committed 115200K, reserved 1179648K
  class space    used 15880K, committed 17024K, reserved 1048576K
GC Heap History (20 events):
Event: 47.573 GC heap before
{Heap before GC invocations=47 (full 0):
 garbage-first heap   total 210944K, used 195183K [0x0000000080000000, 0x0000000100000000)
  region size 1024K, 71 young (72704K), 4 survivors (4096K)
 Metaspace       used 103114K, committed 105472K, reserved 1179648K
  class space    used 14689K, committed 15808K, reserved 1048576K
}
Event: 47.586 GC heap after
{Heap after GC invocations=48 (full 0):
 garbage-first heap   total 210944K, used 124915K [0x0000000080000000, 0x0000000100000000)
  region size 1024K, 6 young (6144K), 6 survivors (6144K)
 Metaspace       used 103114K, committed 105472K, reserved 1179648K
  class space    used 14689K, committed 15808K, reserved 1048576K
}
Event: 48.248 GC heap before
{Heap before GC invocations=48 (full 0):
 garbage-first heap   total 210944K, used 194547K [0x0000000080000000, 0x0000000100000000)
  region size 1024K, 75 young (76800K), 6 survivors (6144K)
 Metaspace       used 103270K, committed 105600K, reserved 1179648K
  class space    used 14714K, committed 15808K, reserved 1048576K
}
Event: 48.259 GC heap after
{Heap after GC invocations=49 (full 0):
 garbage-first heap   total 253952K, used 125756K [0x0000000080000000, 0x0000000100000000)
  region size 1024K, 6 young (6144K), 6 survivors (6144K)
 Metaspace       used 103270K, committed 105600K, reserved 1179648K
  class space    used 14714K, committed 15808K, reserved 1048576K
}
Event: 49.461 GC heap before
{Heap before GC invocations=50 (full 0):
 garbage-first heap   total 253952K, used 233276K [0x0000000080000000, 0x0000000100000000)
  region size 1024K, 112 young (114688K), 6 survivors (6144K)
 Metaspace       used 103281K, committed 105600K, reserved 1179648K
  class space    used 14714K, committed 15808K, reserved 1048576K
}
Event: 49.483 GC heap after
{Heap after GC invocations=51 (full 0):
 garbage-first heap   total 253952K, used 126780K [0x0000000080000000, 0x0000000100000000)
  region size 1024K, 7 young (7168K), 7 survivors (7168K)
 Metaspace       used 103281K, committed 105600K, reserved 1179648K
  class space    used 14714K, committed 15808K, reserved 1048576K
}
Event: 50.054 GC heap before
{Heap before GC invocations=51 (full 0):
 garbage-first heap   total 253952K, used 237372K [0x0000000080000000, 0x0000000100000000)
  region size 1024K, 116 young (118784K), 7 survivors (7168K)
 Metaspace       used 103294K, committed 105600K, reserved 1179648K
  class space    used 14714K, committed 15808K, reserved 1048576K
}
Event: 50.068 GC heap after
{Heap after GC invocations=52 (full 0):
 garbage-first heap   total 253952K, used 126636K [0x0000000080000000, 0x0000000100000000)
  region size 1024K, 8 young (8192K), 8 survivors (8192K)
 Metaspace       used 103294K, committed 105600K, reserved 1179648K
  class space    used 14714K, committed 15808K, reserved 1048576K
}
Event: 51.319 GC heap before
{Heap before GC invocations=52 (full 0):
 garbage-first heap   total 253952K, used 237228K [0x0000000080000000, 0x0000000100000000)
  region size 1024K, 117 young (119808K), 8 survivors (8192K)
 Metaspace       used 103326K, committed 105728K, reserved 1179648K
  class space    used 14716K, committed 15872K, reserved 1048576K
}
Event: 51.344 GC heap after
{Heap after GC invocations=53 (full 0):
 garbage-first heap   total 253952K, used 126103K [0x0000000080000000, 0x0000000100000000)
  region size 1024K, 9 young (9216K), 9 survivors (9216K)
 Metaspace       used 103326K, committed 105728K, reserved 1179648K
  class space    used 14716K, committed 15872K, reserved 1048576K
}
Event: 51.989 GC heap before
{Heap before GC invocations=53 (full 0):
 garbage-first heap   total 253952K, used 239767K [0x0000000080000000, 0x0000000100000000)
  region size 1024K, 120 young (122880K), 9 survivors (9216K)
 Metaspace       used 103327K, committed 105728K, reserved 1179648K
  class space    used 14716K, committed 15872K, reserved 1048576K
}
Event: 52.009 GC heap after
{Heap after GC invocations=54 (full 0):
 garbage-first heap   total 253952K, used 125944K [0x0000000080000000, 0x0000000100000000)
  region size 1024K, 8 young (8192K), 8 survivors (8192K)
 Metaspace       used 103327K, committed 105728K, reserved 1179648K
  class space    used 14716K, committed 15872K, reserved 1048576K
}
Event: 53.879 GC heap before
{Heap before GC invocations=55 (full 0):
 garbage-first heap   total 253952K, used 239608K [0x0000000080000000, 0x0000000100000000)
  region size 1024K, 120 young (122880K), 8 survivors (8192K)
 Metaspace       used 103421K, committed 105728K, reserved 1179648K
  class space    used 14728K, committed 15872K, reserved 1048576K
}
Event: 53.906 GC heap after
{Heap after GC invocations=56 (full 0):
 garbage-first heap   total 253952K, used 127703K [0x0000000080000000, 0x0000000100000000)
  region size 1024K, 9 young (9216K), 9 survivors (9216K)
 Metaspace       used 103421K, committed 105728K, reserved 1179648K
  class space    used 14728K, committed 15872K, reserved 1048576K
}
Event: 55.755 GC heap before
{Heap before GC invocations=56 (full 0):
 garbage-first heap   total 253952K, used 240343K [0x0000000080000000, 0x0000000100000000)
  region size 1024K, 119 young (121856K), 9 survivors (9216K)
 Metaspace       used 103517K, committed 105856K, reserved 1179648K
  class space    used 14744K, committed 15872K, reserved 1048576K
}
Event: 55.797 GC heap after
{Heap after GC invocations=57 (full 0):
 garbage-first heap   total 305152K, used 127025K [0x0000000080000000, 0x0000000100000000)
  region size 1024K, 9 young (9216K), 9 survivors (9216K)
 Metaspace       used 103517K, committed 105856K, reserved 1179648K
  class space    used 14744K, committed 15872K, reserved 1048576K
}
Event: 56.762 GC heap before
{Heap before GC invocations=57 (full 0):
 garbage-first heap   total 305152K, used 287793K [0x0000000080000000, 0x0000000100000000)
  region size 1024K, 166 young (169984K), 9 survivors (9216K)
 Metaspace       used 103610K, committed 105920K, reserved 1179648K
  class space    used 14757K, committed 15872K, reserved 1048576K
}
Event: 56.782 GC heap after
{Heap after GC invocations=58 (full 0):
 garbage-first heap   total 305152K, used 128154K [0x0000000080000000, 0x0000000100000000)
  region size 1024K, 10 young (10240K), 10 survivors (10240K)
 Metaspace       used 103610K, committed 105920K, reserved 1179648K
  class space    used 14757K, committed 15872K, reserved 1048576K
}
Event: 56.931 GC heap before
{Heap before GC invocations=58 (full 0):
 garbage-first heap   total 305152K, used 130202K [0x0000000080000000, 0x0000000100000000)
  region size 1024K, 14 young (14336K), 10 survivors (10240K)
 Metaspace       used 103861K, committed 106176K, reserved 1179648K
  class space    used 14811K, committed 15936K, reserved 1048576K
}
Event: 56.954 GC heap after
{Heap after GC invocations=59 (full 0):
 garbage-first heap   total 305152K, used 128579K [0x0000000080000000, 0x0000000100000000)
  region size 1024K, 10 young (10240K), 10 survivors (10240K)
 Metaspace       used 103861K, committed 106176K, reserved 1179648K
  class space    used 14811K, committed 15936K, reserved 1048576K
}

