# JRE version: OpenJDK Runtime Environment (21.0.9) (build 21.0.9+-14649483-b1163.86)
# Java VM: OpenJDK 64-Bit Server VM (21.0.9+-14649483-b1163.86, mixed mode, tiered, compressed oops, compressed class ptrs, g1 gc, windows-amd64)
GC Precious Log:
 CardTable entry size: 512
 Card Set container configuration: InlinePtr #cards 5 size 8 Array Of Cards #cards 12 size 40 Howl #buckets 4 coarsen threshold 1843 Howl Bitmap #cards 512 size 80 coarsen threshold 460 Card regions per heap region 1 cards per card region 2048
 CPUs: 4 total, 4 available
 Memory: 4093M
 Large Page Support: Disabled
 NUMA Support: Disabled
 Compressed Oops: Enabled (32-bit)
 Heap Region Size: 1M
 Heap Min Capacity: 8M
 Heap Initial Capacity: 64M
 Heap Max Capacity: 2G
 Pre-touch: Disabled
 Parallel Workers: 4
 Concurrent Workers: 1
 Concurrent Refinement Workers: 4
 Periodic GC: Disabled
Heap:
 garbage-first heap   total 224256K, used 123821K [0x0000000080000000, 0x0000000100000000)
  region size 1024K, 6 young (6144K), 6 survivors (6144K)
 Metaspace       used 103211K, committed 105536K, reserved 1179648K
  class space    used 14706K, committed 15808K, reserved 1048576K
GC Heap History (20 events):
Event: 26.252 GC heap after
{Heap after GC invocations=37 (full 0):
 garbage-first heap   total 175104K, used 75776K [0x0000000080000000, 0x0000000100000000)
  region size 1024K, 12 young (12288K), 12 survivors (12288K)
 Metaspace       used 71696K, committed 73536K, reserved 1114112K
  class space    used 10047K, committed 10944K, reserved 1048576K
}
Event: 28.224 GC heap before
{Heap before GC invocations=37 (full 0):
 garbage-first heap   total 175104K, used 116736K [0x0000000080000000, 0x0000000100000000)
  region size 1024K, 53 young (54272K), 12 survivors (12288K)
 Metaspace       used 76717K, committed 78720K, reserved 1179648K
  class space    used 10765K, committed 11712K, reserved 1048576K
}
Event: 28.288 GC heap after
{Heap after GC invocations=38 (full 0):
 garbage-first heap   total 175104K, used 79572K [0x0000000080000000, 0x0000000100000000)
  region size 1024K, 4 young (4096K), 4 survivors (4096K)
 Metaspace       used 76717K, committed 78720K, reserved 1179648K
  class space    used 10765K, committed 11712K, reserved 1048576K
}
Event: 31.633 GC heap before
{Heap before GC invocations=39 (full 0):
 garbage-first heap   total 175104K, used 165588K [0x0000000080000000, 0x0000000100000000)
  region size 1024K, 84 young (86016K), 4 survivors (4096K)
 Metaspace       used 81476K, committed 83520K, reserved 1179648K
  class space    used 11429K, committed 12416K, reserved 1048576K
}
Event: 31.668 GC heap after
{Heap after GC invocations=40 (full 0):
 garbage-first heap   total 176128K, used 85766K [0x0000000080000000, 0x0000000100000000)
  region size 1024K, 9 young (9216K), 9 survivors (9216K)
 Metaspace       used 81476K, committed 83520K, reserved 1179648K
  class space    used 11429K, committed 12416K, reserved 1048576K
}
Event: 33.705 GC heap before
{Heap before GC invocations=40 (full 0):
 garbage-first heap   total 176128K, used 163590K [0x0000000080000000, 0x0000000100000000)
  region size 1024K, 84 young (86016K), 9 survivors (9216K)
 Metaspace       used 85651K, committed 87808K, reserved 1179648K
  class space    used 11972K, committed 12992K, reserved 1048576K
}
Event: 33.743 GC heap after
{Heap after GC invocations=41 (full 0):
 garbage-first heap   total 181248K, used 92109K [0x0000000080000000, 0x0000000100000000)
  region size 1024K, 6 young (6144K), 6 survivors (6144K)
 Metaspace       used 85651K, committed 87808K, reserved 1179648K
  class space    used 11972K, committed 12992K, reserved 1048576K
}
Event: 35.772 GC heap before
{Heap before GC invocations=41 (full 0):
 garbage-first heap   total 181248K, used 165837K [0x0000000080000000, 0x0000000100000000)
  region size 1024K, 78 young (79872K), 6 survivors (6144K)
 Metaspace       used 91111K, committed 93312K, reserved 1179648K
  class space    used 12895K, committed 13952K, reserved 1048576K
}
Event: 35.793 GC heap after
{Heap after GC invocations=42 (full 0):
 garbage-first heap   total 181248K, used 95338K [0x0000000080000000, 0x0000000100000000)
  region size 1024K, 9 young (9216K), 9 survivors (9216K)
 Metaspace       used 91111K, committed 93312K, reserved 1179648K
  class space    used 12895K, committed 13952K, reserved 1048576K
}
Event: 38.746 GC heap before
{Heap before GC invocations=43 (full 0):
 garbage-first heap   total 181248K, used 168042K [0x0000000080000000, 0x0000000100000000)
  region size 1024K, 80 young (81920K), 9 survivors (9216K)
 Metaspace       used 95553K, committed 97792K, reserved 1179648K
  class space    used 13588K, committed 14656K, reserved 1048576K
}
Event: 38.783 GC heap after
{Heap after GC invocations=44 (full 0):
 garbage-first heap   total 183296K, used 100483K [0x0000000080000000, 0x0000000100000000)
  region size 1024K, 9 young (9216K), 9 survivors (9216K)
 Metaspace       used 95553K, committed 97792K, reserved 1179648K
  class space    used 13588K, committed 14656K, reserved 1048576K
}
Event: 40.523 GC heap before
{Heap before GC invocations=44 (full 0):
 garbage-first heap   total 183296K, used 169091K [0x0000000080000000, 0x0000000100000000)
  region size 1024K, 76 young (77824K), 9 survivors (9216K)
 Metaspace       used 100300K, committed 102592K, reserved 1179648K
  class space    used 14264K, committed 15360K, reserved 1048576K
}
Event: 40.556 GC heap after
{Heap after GC invocations=45 (full 0):
 garbage-first heap   total 224256K, used 105851K [0x0000000080000000, 0x0000000100000000)
  region size 1024K, 7 young (7168K), 7 survivors (7168K)
 Metaspace       used 100300K, committed 102592K, reserved 1179648K
  class space    used 14264K, committed 15360K, reserved 1048576K
}
Event: 44.567 GC heap before
{Heap before GC invocations=45 (full 0):
 garbage-first heap   total 224256K, used 200059K [0x0000000080000000, 0x0000000100000000)
  region size 1024K, 99 young (101376K), 7 survivors (7168K)
 Metaspace       used 102683K, committed 105088K, reserved 1179648K
  class space    used 14605K, committed 15744K, reserved 1048576K
}
Event: 44.687 GC heap after
{Heap after GC invocations=46 (full 0):
 garbage-first heap   total 224256K, used 117760K [0x0000000080000000, 0x0000000100000000)
  region size 1024K, 13 young (13312K), 13 survivors (13312K)
 Metaspace       used 102683K, committed 105088K, reserved 1179648K
  class space    used 14605K, committed 15744K, reserved 1048576K
}
Event: 46.103 GC heap before
{Heap before GC invocations=46 (full 0):
 garbage-first heap   total 224256K, used 200704K [0x0000000080000000, 0x0000000100000000)
  region size 1024K, 95 young (97280K), 13 survivors (13312K)
 Metaspace       used 102688K, committed 105088K, reserved 1179648K
  class space    used 14606K, committed 15744K, reserved 1048576K
}
Event: 46.195 GC heap after
{Heap after GC invocations=47 (full 0):
 garbage-first heap   total 224256K, used 121844K [0x0000000080000000, 0x0000000100000000)
  region size 1024K, 4 young (4096K), 4 survivors (4096K)
 Metaspace       used 102688K, committed 105088K, reserved 1179648K
  class space    used 14606K, committed 15744K, reserved 1048576K
}
Event: 47.688 GC heap before
{Heap before GC invocations=47 (full 0):
 garbage-first heap   total 224256K, used 203764K [0x0000000080000000, 0x0000000100000000)
  region size 1024K, 85 young (87040K), 4 survivors (4096K)
 Metaspace       used 103056K, committed 105408K, reserved 1179648K
  class space    used 14682K, committed 15808K, reserved 1048576K
}
Event: 47.719 GC heap after
{Heap after GC invocations=48 (full 0):
 garbage-first heap   total 224256K, used 123363K [0x0000000080000000, 0x0000000100000000)
  region size 1024K, 6 young (6144K), 6 survivors (6144K)
 Metaspace       used 103056K, committed 105408K, reserved 1179648K
  class space    used 14682K, committed 15808K, reserved 1048576K
}
Event: 48.458 GC heap before
{Heap before GC invocations=48 (full 0):
 garbage-first heap   total 224256K, used 205283K [0x0000000080000000, 0x0000000100000000)
  region size 1024K, 87 young (89088K), 6 survivors (6144K)
 Metaspace       used 103211K, committed 105536K, reserved 1179648K
  class space    used 14706K, committed 15808K, reserved 1048576K
}

