# JRE version: OpenJDK Runtime Environment (21.0.9) (build 21.0.9+-14649483-b1163.86)
# Java VM: OpenJDK 64-Bit Server VM (21.0.9+-14649483-b1163.86, mixed mode, tiered, compressed oops, compressed class ptrs, g1 gc, windows-amd64)
GC Precious Log:
 CardTable entry size: 512
 Card Set container configuration: InlinePtr #cards 5 size 8 Array Of Cards #cards 12 size 40 Howl #buckets 4 coarsen threshold 1843 Howl Bitmap #cards 512 size 80 coarsen threshold 460 Card regions per heap region 1 cards per card region 2048
 CPUs: 4 total, 4 available
 Memory: 4093M
 Large Page Support: Disabled
 NUMA Support: Disabled
 Compressed Oops: Enabled (32-bit)
 Heap Region Size: 1M
 Heap Min Capacity: 8M
 Heap Initial Capacity: 64M
 Heap Max Capacity: 2G
 Pre-touch: Disabled
 Parallel Workers: 4
 Concurrent Workers: 1
 Concurrent Refinement Workers: 4
 Periodic GC: Disabled
Heap:
 garbage-first heap   total 546816K, used 204288K [0x0000000080000000, 0x0000000100000000)
  region size 1024K, 4 young (4096K), 4 survivors (4096K)
 Metaspace       used 162968K, committed 165440K, reserved 1245184K
  class space    used 21555K, committed 23168K, reserved 1048576K
GC Heap History (20 events):
Event: 4653.444 GC heap after
{Heap after GC invocations=116 (full 0):
 garbage-first heap   total 546816K, used 214528K [0x0000000080000000, 0x0000000100000000)
  region size 1024K, 2 young (2048K), 2 survivors (2048K)
 Metaspace       used 162337K, committed 165184K, reserved 1245184K
  class space    used 21512K, committed 23168K, reserved 1048576K
}
Event: 4656.159 GC heap before
{Heap before GC invocations=116 (full 0):
 garbage-first heap   total 546816K, used 258560K [0x0000000080000000, 0x0000000100000000)
  region size 1024K, 46 young (47104K), 2 survivors (2048K)
 Metaspace       used 162740K, committed 165184K, reserved 1245184K
  class space    used 21556K, committed 23168K, reserved 1048576K
}
Event: 4656.200 GC heap after
{Heap after GC invocations=117 (full 0):
 garbage-first heap   total 546816K, used 211968K [0x0000000080000000, 0x0000000100000000)
  region size 1024K, 2 young (2048K), 2 survivors (2048K)
 Metaspace       used 162740K, committed 165184K, reserved 1245184K
  class space    used 21556K, committed 23168K, reserved 1048576K
}
Event: 4676.802 GC heap before
{Heap before GC invocations=117 (full 0):
 garbage-first heap   total 546816K, used 411648K [0x0000000080000000, 0x0000000100000000)
  region size 1024K, 60 young (61440K), 2 survivors (2048K)
 Metaspace       used 162787K, committed 165248K, reserved 1245184K
  class space    used 21560K, committed 23168K, reserved 1048576K
}
Event: 4677.331 GC heap after
{Heap after GC invocations=118 (full 0):
 garbage-first heap   total 546816K, used 211062K [0x0000000080000000, 0x0000000100000000)
  region size 1024K, 2 young (2048K), 2 survivors (2048K)
 Metaspace       used 162787K, committed 165248K, reserved 1245184K
  class space    used 21560K, committed 23168K, reserved 1048576K
}
Event: 4688.031 GC heap before
{Heap before GC invocations=118 (full 0):
 garbage-first heap   total 546816K, used 235638K [0x0000000080000000, 0x0000000100000000)
  region size 1024K, 26 young (26624K), 2 survivors (2048K)
 Metaspace       used 162787K, committed 165248K, reserved 1245184K
  class space    used 21560K, committed 23168K, reserved 1048576K
}
Event: 4688.242 GC heap after
{Heap after GC invocations=119 (full 0):
 garbage-first heap   total 546816K, used 209920K [0x0000000080000000, 0x0000000100000000)
  region size 1024K, 2 young (2048K), 2 survivors (2048K)
 Metaspace       used 162787K, committed 165248K, reserved 1245184K
  class space    used 21560K, committed 23168K, reserved 1048576K
}
Event: 4706.762 GC heap before
{Heap before GC invocations=119 (full 0):
 garbage-first heap   total 546816K, used 234496K [0x0000000080000000, 0x0000000100000000)
  region size 1024K, 26 young (26624K), 2 survivors (2048K)
 Metaspace       used 162787K, committed 165248K, reserved 1245184K
  class space    used 21560K, committed 23168K, reserved 1048576K
}
Event: 4706.842 GC heap after
{Heap after GC invocations=120 (full 0):
 garbage-first heap   total 546816K, used 208986K [0x0000000080000000, 0x0000000100000000)
  region size 1024K, 2 young (2048K), 2 survivors (2048K)
 Metaspace       used 162787K, committed 165248K, reserved 1245184K
  class space    used 21560K, committed 23168K, reserved 1048576K
}
Event: 4750.355 GC heap before
{Heap before GC invocations=120 (full 0):
 garbage-first heap   total 546816K, used 266330K [0x0000000080000000, 0x0000000100000000)
  region size 1024K, 58 young (59392K), 2 survivors (2048K)
 Metaspace       used 162800K, committed 165248K, reserved 1245184K
  class space    used 21560K, committed 23168K, reserved 1048576K
}
Event: 4750.407 GC heap after
{Heap after GC invocations=121 (full 0):
 garbage-first heap   total 546816K, used 208849K [0x0000000080000000, 0x0000000100000000)
  region size 1024K, 2 young (2048K), 2 survivors (2048K)
 Metaspace       used 162800K, committed 165248K, reserved 1245184K
  class space    used 21560K, committed 23168K, reserved 1048576K
}
Event: 4756.586 GC heap before
{Heap before GC invocations=122 (full 0):
 garbage-first heap   total 546816K, used 247761K [0x0000000080000000, 0x0000000100000000)
  region size 1024K, 57 young (58368K), 2 survivors (2048K)
 Metaspace       used 162524K, committed 165312K, reserved 1245184K
  class space    used 21529K, committed 23168K, reserved 1048576K
}
Event: 4756.677 GC heap after
{Heap after GC invocations=123 (full 0):
 garbage-first heap   total 546816K, used 195044K [0x0000000080000000, 0x0000000100000000)
  region size 1024K, 6 young (6144K), 6 survivors (6144K)
 Metaspace       used 162524K, committed 165312K, reserved 1245184K
  class space    used 21529K, committed 23168K, reserved 1048576K
}
Event: 4758.603 GC heap before
{Heap before GC invocations=123 (full 0):
 garbage-first heap   total 546816K, used 214500K [0x0000000080000000, 0x0000000100000000)
  region size 1024K, 26 young (26624K), 6 survivors (6144K)
 Metaspace       used 162624K, committed 165312K, reserved 1245184K
  class space    used 21530K, committed 23168K, reserved 1048576K
}
Event: 4758.645 GC heap after
{Heap after GC invocations=124 (full 0):
 garbage-first heap   total 546816K, used 194494K [0x0000000080000000, 0x0000000100000000)
  region size 1024K, 4 young (4096K), 4 survivors (4096K)
 Metaspace       used 162624K, committed 165312K, reserved 1245184K
  class space    used 21530K, committed 23168K, reserved 1048576K
}
Event: 4759.301 GC heap before
{Heap before GC invocations=124 (full 0):
 garbage-first heap   total 546816K, used 217022K [0x0000000080000000, 0x0000000100000000)
  region size 1024K, 26 young (26624K), 4 survivors (4096K)
 Metaspace       used 162661K, committed 165312K, reserved 1245184K
  class space    used 21532K, committed 23168K, reserved 1048576K
}
Event: 4759.334 GC heap after
{Heap after GC invocations=125 (full 0):
 garbage-first heap   total 546816K, used 195322K [0x0000000080000000, 0x0000000100000000)
  region size 1024K, 4 young (4096K), 4 survivors (4096K)
 Metaspace       used 162661K, committed 165312K, reserved 1245184K
  class space    used 21532K, committed 23168K, reserved 1048576K
}
Event: 4759.927 GC heap before
{Heap before GC invocations=125 (full 0):
 garbage-first heap   total 546816K, used 216826K [0x0000000080000000, 0x0000000100000000)
  region size 1024K, 26 young (26624K), 4 survivors (4096K)
 Metaspace       used 162700K, committed 165312K, reserved 1245184K
  class space    used 21532K, committed 23168K, reserved 1048576K
}
Event: 4759.956 GC heap after
{Heap after GC invocations=126 (full 0):
 garbage-first heap   total 546816K, used 194668K [0x0000000080000000, 0x0000000100000000)
  region size 1024K, 3 young (3072K), 3 survivors (3072K)
 Metaspace       used 162700K, committed 165312K, reserved 1245184K
  class space    used 21532K, committed 23168K, reserved 1048576K
}
Event: 4761.096 GC heap before
{Heap before GC invocations=126 (full 0):
 garbage-first heap   total 546816K, used 223340K [0x0000000080000000, 0x0000000100000000)
  region size 1024K, 26 young (26624K), 3 survivors (3072K)
 Metaspace       used 162968K, committed 165440K, reserved 1245184K
  class space    used 21555K, committed 23168K, reserved 1048576K
}

